# JRE version: Java(TM) SE Runtime Environment (8.0_131-b11) (build 1.8.0_131-b11)
# Java VM: Java HotSpot(TM) 64-Bit Server VM (25.131-b11 mixed mode windows-amd64 compressed oops)
Heap:
 PSYoungGen      total 105984K, used 6795K [0x00000000e0000000, 0x00000000e7880000, 0x0000000100000000)
  eden space 93696K, 7% used [0x00000000e0000000,0x00000000e06a2d28,0x00000000e5b80000)
  from space 12288K, 0% used [0x00000000e6880000,0x00000000e6880000,0x00000000e7480000)
  to   space 13312K, 0% used [0x00000000e5b80000,0x00000000e5b80000,0x00000000e6880000)
 ParOldGen       total 95744K, used 18334K [0x00000000a0000000, 0x00000000a5d80000, 0x00000000e0000000)
  object space 95744K, 19% used [0x00000000a0000000,0x00000000a11e7970,0x00000000a5d80000)
 Metaspace       used 35565K, capacity 36400K, committed 36608K, reserved 1081344K
  class space    used 5010K, capacity 5281K, committed 5376K, reserved 1048576K
GC Heap History (10 events):
Event: 3.729 GC heap before
{Heap before GC invocations=6 (full 1):
 PSYoungGen      total 71680K, used 5118K [0x00000000e0000000, 0x00000000e4b00000, 0x0000000100000000)
  eden space 66560K, 0% used [0x00000000e0000000,0x00000000e0000000,0x00000000e4100000)
  from space 5120K, 99% used [0x00000000e4100000,0x00000000e45ffa90,0x00000000e4600000)
  to   space 5120K, 0% used [0x00000000e4600000,0x00000000e4600000,0x00000000e4b00000)
 ParOldGen       total 87552K, used 10343K [0x00000000a0000000, 0x00000000a5580000, 0x00000000e0000000)
  object space 87552K, 11% used [0x00000000a0000000,0x00000000a0a19c88,0x00000000a5580000)
 Metaspace       used 20653K, capacity 21028K, committed 21296K, reserved 1067008K
  class space    used 2956K, capacity 3101K, committed 3200K, reserved 1048576K
Event: 3.772 GC heap after
Heap after GC invocations=6 (full 1):
 PSYoungGen      total 71680K, used 0K [0x00000000e0000000, 0x00000000e4b00000, 0x0000000100000000)
  eden space 66560K, 0% used [0x00000000e0000000,0x00000000e0000000,0x00000000e4100000)
  from space 5120K, 0% used [0x00000000e4100000,0x00000000e4100000,0x00000000e4600000)
  to   space 5120K, 0% used [0x00000000e4600000,0x00000000e4600000,0x00000000e4b00000)
 ParOldGen       total 62976K, used 10296K [0x00000000a0000000, 0x00000000a3d80000, 0x00000000e0000000)
  object space 62976K, 16% used [0x00000000a0000000,0x00000000a0a0e2c8,0x00000000a3d80000)
 Metaspace       used 20653K, capacity 21028K, committed 21296K, reserved 1067008K
  class space    used 2956K, capacity 3101K, committed 3200K, reserved 1048576K
}
Event: 4.870 GC heap before
{Heap before GC invocations=7 (full 1):
 PSYoungGen      total 71680K, used 66560K [0x00000000e0000000, 0x00000000e4b00000, 0x0000000100000000)
  eden space 66560K, 100% used [0x00000000e0000000,0x00000000e4100000,0x00000000e4100000)
  from space 5120K, 0% used [0x00000000e4100000,0x00000000e4100000,0x00000000e4600000)
  to   space 5120K, 0% used [0x00000000e4600000,0x00000000e4600000,0x00000000e4b00000)
 ParOldGen       total 62976K, used 10296K [0x00000000a0000000, 0x00000000a3d80000, 0x00000000e0000000)
  object space 62976K, 16% used [0x00000000a0000000,0x00000000a0a0e2c8,0x00000000a3d80000)
 Metaspace       used 27665K, capacity 28198K, committed 28416K, reserved 1073152K
  class space    used 3860K, capacity 4012K, committed 4096K, reserved 1048576K
Event: 4.878 GC heap after
Heap after GC invocations=7 (full 1):
 PSYoungGen      total 65024K, used 5102K [0x00000000e0000000, 0x00000000e7c80000, 0x0000000100000000)
  eden space 59904K, 0% used [0x00000000e0000000,0x00000000e0000000,0x00000000e3a80000)
  from space 5120K, 99% used [0x00000000e4600000,0x00000000e4afbaf8,0x00000000e4b00000)
  to   space 11776K, 0% used [0x00000000e3a80000,0x00000000e3a80000,0x00000000e4600000)
 ParOldGen       total 62976K, used 13458K [0x00000000a0000000, 0x00000000a3d80000, 0x00000000e0000000)
  object space 62976K, 21% used [0x00000000a0000000,0x00000000a0d24890,0x00000000a3d80000)
 Metaspace       used 27665K, capacity 28198K, committed 28416K, reserved 1073152K
  class space    used 3860K, capacity 4012K, committed 4096K, reserved 1048576K
}
Event: 5.678 GC heap before
{Heap before GC invocations=8 (full 1):
 PSYoungGen      total 65024K, used 65006K [0x00000000e0000000, 0x00000000e7c80000, 0x0000000100000000)
  eden space 59904K, 100% used [0x00000000e0000000,0x00000000e3a80000,0x00000000e3a80000)
  from space 5120K, 99% used [0x00000000e4600000,0x00000000e4afbaf8,0x00000000e4b00000)
  to   space 11776K, 0% used [0x00000000e3a80000,0x00000000e3a80000,0x00000000e4600000)
 ParOldGen       total 62976K, used 13458K [0x00000000a0000000, 0x00000000a3d80000, 0x00000000e0000000)
  object space 62976K, 21% used [0x00000000a0000000,0x00000000a0d24890,0x00000000a3d80000)
 Metaspace       used 31334K, capacity 31896K, committed 32256K, reserved 1077248K
  class space    used 4394K, capacity 4579K, committed 4608K, reserved 1048576K
Event: 5.694 GC heap after
Heap after GC invocations=8 (full 1):
 PSYoungGen      total 71680K, used 9404K [0x00000000e0000000, 0x00000000e7480000, 0x0000000100000000)
  eden space 59904K, 0% used [0x00000000e0000000,0x00000000e0000000,0x00000000e3a80000)
  from space 11776K, 79% used [0x00000000e3a80000,0x00000000e43af2f0,0x00000000e4600000)
  to   space 12288K, 0% used [0x00000000e6880000,0x00000000e6880000,0x00000000e7480000)
 ParOldGen       total 62976K, used 13466K [0x00000000a0000000, 0x00000000a3d80000, 0x00000000e0000000)
  object space 62976K, 21% used [0x00000000a0000000,0x00000000a0d26890,0x00000000a3d80000)
 Metaspace       used 31334K, capacity 31896K, committed 32256K, reserved 1077248K
  class space    used 4394K, capacity 4579K, committed 4608K, reserved 1048576K
}
Event: 6.506 GC heap before
{Heap before GC invocations=9 (full 1):
 PSYoungGen      total 71680K, used 65268K [0x00000000e0000000, 0x00000000e7480000, 0x0000000100000000)
  eden space 59904K, 93% used [0x00000000e0000000,0x00000000e368df88,0x00000000e3a80000)
  from space 11776K, 79% used [0x00000000e3a80000,0x00000000e43af2f0,0x00000000e4600000)
  to   space 12288K, 0% used [0x00000000e6880000,0x00000000e6880000,0x00000000e7480000)
 ParOldGen       total 62976K, used 13466K [0x00000000a0000000, 0x00000000a3d80000, 0x00000000e0000000)
  object space 62976K, 21% used [0x00000000a0000000,0x00000000a0d26890,0x00000000a3d80000)
 Metaspace       used 34541K, capacity 35380K, committed 35496K, reserved 1079296K
  class space    used 4865K, capacity 5107K, committed 5120K, reserved 1048576K
Event: 6.526 GC heap after
Heap after GC invocations=9 (full 1):
 PSYoungGen      total 105984K, used 11613K [0x00000000e0000000, 0x00000000e7880000, 0x0000000100000000)
  eden space 93696K, 0% used [0x00000000e0000000,0x00000000e0000000,0x00000000e5b80000)
  from space 12288K, 94% used [0x00000000e6880000,0x00000000e73d7640,0x00000000e7480000)
  to   space 13312K, 0% used [0x00000000e5b80000,0x00000000e5b80000,0x00000000e6880000)
 ParOldGen       total 62976K, used 13474K [0x00000000a0000000, 0x00000000a3d80000, 0x00000000e0000000)
  object space 62976K, 21% used [0x00000000a0000000,0x00000000a0d28890,0x00000000a3d80000)
 Metaspace       used 34541K, capacity 35380K, committed 35496K, reserved 1079296K
  class space    used 4865K, capacity 5107K, committed 5120K, reserved 1048576K
}
Event: 6.526 GC heap before
{Heap before GC invocations=10 (full 2):
 PSYoungGen      total 105984K, used 11613K [0x00000000e0000000, 0x00000000e7880000, 0x0000000100000000)
  eden space 93696K, 0% used [0x00000000e0000000,0x00000000e0000000,0x00000000e5b80000)
  from space 12288K, 94% used [0x00000000e6880000,0x00000000e73d7640,0x00000000e7480000)
  to   space 13312K, 0% used [0x00000000e5b80000,0x00000000e5b80000,0x00000000e6880000)
 ParOldGen       total 62976K, used 13474K [0x00000000a0000000, 0x00000000a3d80000, 0x00000000e0000000)
  object space 62976K, 21% used [0x00000000a0000000,0x00000000a0d28890,0x00000000a3d80000)
 Metaspace       used 34541K, capacity 35380K, committed 35496K, reserved 1079296K
  class space    used 4865K, capacity 5107K, committed 5120K, reserved 1048576K
Event: 6.608 GC heap after
Heap after GC invocations=10 (full 2):
 PSYoungGen      total 105984K, used 0K [0x00000000e0000000, 0x00000000e7880000, 0x0000000100000000)
  eden space 93696K, 0% used [0x00000000e0000000,0x00000000e0000000,0x00000000e5b80000)
  from space 12288K, 0% used [0x00000000e6880000,0x00000000e6880000,0x00000000e7480000)
  to   space 13312K, 0% used [0x00000000e5b80000,0x00000000e5b80000,0x00000000e6880000)
 ParOldGen       total 95744K, used 18334K [0x00000000a0000000, 0x00000000a5d80000, 0x00000000e0000000)
  object space 95744K, 19% used [0x00000000a0000000,0x00000000a11e7970,0x00000000a5d80000)
 Metaspace       used 34538K, capacity 35368K, committed 35496K, reserved 1079296K
  class space    used 4864K, capacity 5105K, committed 5120K, reserved 1048576K
}

