# JRE version: Java(TM) SE Runtime Environment (8.0_131-b11) (build 1.8.0_131-b11)
# Java VM: Java HotSpot(TM) 64-Bit Server VM (25.131-b11 mixed mode windows-amd64 compressed oops)
Heap:
 PSYoungGen      total 77312K, used 19018K [0x00000000e0000000, 0x00000000e5600000, 0x0000000100000000)
  eden space 66560K, 16% used [0x00000000e0000000,0x00000000e0a68e88,0x00000000e4100000)
  from space 10752K, 77% used [0x00000000e4100000,0x00000000e4929a68,0x00000000e4b80000)
  to   space 10240K, 0% used [0x00000000e4c00000,0x00000000e4c00000,0x00000000e5600000)
 ParOldGen       total 50688K, used 7497K [0x00000000a0000000, 0x00000000a3180000, 0x00000000e0000000)
  object space 50688K, 14% used [0x00000000a0000000,0x00000000a0752770,0x00000000a3180000)
 Metaspace       used 27998K, capacity 28492K, committed 28800K, reserved 1073152K
  class space    used 3929K, capacity 4109K, committed 4224K, reserved 1048576K
GC Heap History (10 events):
Event: 7.173 GC heap before
{Heap before GC invocations=4 (full 0):
 PSYoungGen      total 38400K, used 38376K [0x00000000e0000000, 0x00000000e2a80000, 0x0000000100000000)
  eden space 33280K, 100% used [0x00000000e0000000,0x00000000e2080000,0x00000000e2080000)
  from space 5120K, 99% used [0x00000000e2080000,0x00000000e257a040,0x00000000e2580000)
  to   space 5120K, 0% used [0x00000000e2580000,0x00000000e2580000,0x00000000e2a80000)
 ParOldGen       total 87552K, used 1982K [0x00000000a0000000, 0x00000000a5580000, 0x00000000e0000000)
  object space 87552K, 2% used [0x00000000a0000000,0x00000000a01efb98,0x00000000a5580000)
 Metaspace       used 16263K, capacity 16560K, committed 16896K, reserved 1062912K
  class space    used 2377K, capacity 2514K, committed 2560K, reserved 1048576K
Event: 7.224 GC heap after
Heap after GC invocations=4 (full 0):
 PSYoungGen      total 38400K, used 5112K [0x00000000e0000000, 0x00000000e4b00000, 0x0000000100000000)
  eden space 33280K, 0% used [0x00000000e0000000,0x00000000e0000000,0x00000000e2080000)
  from space 5120K, 99% used [0x00000000e2580000,0x00000000e2a7e050,0x00000000e2a80000)
  to   space 5120K, 0% used [0x00000000e2080000,0x00000000e2080000,0x00000000e2580000)
 ParOldGen       total 87552K, used 5381K [0x00000000a0000000, 0x00000000a5580000, 0x00000000e0000000)
  object space 87552K, 6% used [0x00000000a0000000,0x00000000a0541508,0x00000000a5580000)
 Metaspace       used 16263K, capacity 16560K, committed 16896K, reserved 1062912K
  class space    used 2377K, capacity 2514K, committed 2560K, reserved 1048576K
}
Event: 8.241 GC heap before
{Heap before GC invocations=5 (full 0):
 PSYoungGen      total 38400K, used 38388K [0x00000000e0000000, 0x00000000e4b00000, 0x0000000100000000)
  eden space 33280K, 99% used [0x00000000e0000000,0x00000000e207f338,0x00000000e2080000)
  from space 5120K, 99% used [0x00000000e2580000,0x00000000e2a7e050,0x00000000e2a80000)
  to   space 5120K, 0% used [0x00000000e2080000,0x00000000e2080000,0x00000000e2580000)
 ParOldGen       total 87552K, used 5381K [0x00000000a0000000, 0x00000000a5580000, 0x00000000e0000000)
  object space 87552K, 6% used [0x00000000a0000000,0x00000000a0541508,0x00000000a5580000)
 Metaspace       used 19761K, capacity 20228K, committed 20480K, reserved 1067008K
  class space    used 2910K, capacity 3069K, committed 3072K, reserved 1048576K
Event: 8.260 GC heap after
Heap after GC invocations=5 (full 0):
 PSYoungGen      total 38400K, used 5096K [0x00000000e0000000, 0x00000000e5700000, 0x0000000100000000)
  eden space 33280K, 0% used [0x00000000e0000000,0x00000000e0000000,0x00000000e2080000)
  from space 5120K, 99% used [0x00000000e2080000,0x00000000e257a050,0x00000000e2580000)
  to   space 11264K, 0% used [0x00000000e4c00000,0x00000000e4c00000,0x00000000e5700000)
 ParOldGen       total 87552K, used 9866K [0x00000000a0000000, 0x00000000a5580000, 0x00000000e0000000)
  object space 87552K, 11% used [0x00000000a0000000,0x00000000a09a2a80,0x00000000a5580000)
 Metaspace       used 19761K, capacity 20228K, committed 20480K, reserved 1067008K
  class space    used 2910K, capacity 3069K, committed 3072K, reserved 1048576K
}
Event: 8.379 GC heap before
{Heap before GC invocations=6 (full 0):
 PSYoungGen      total 38400K, used 9336K [0x00000000e0000000, 0x00000000e5700000, 0x0000000100000000)
  eden space 33280K, 12% used [0x00000000e0000000,0x00000000e04242a8,0x00000000e2080000)
  from space 5120K, 99% used [0x00000000e2080000,0x00000000e257a050,0x00000000e2580000)
  to   space 11264K, 0% used [0x00000000e4c00000,0x00000000e4c00000,0x00000000e5700000)
 ParOldGen       total 87552K, used 9866K [0x00000000a0000000, 0x00000000a5580000, 0x00000000e0000000)
  object space 87552K, 11% used [0x00000000a0000000,0x00000000a09a2a80,0x00000000a5580000)
 Metaspace       used 20616K, capacity 21028K, committed 21296K, reserved 1067008K
  class space    used 2955K, capacity 3101K, committed 3200K, reserved 1048576K
Event: 8.409 GC heap after
Heap after GC invocations=6 (full 0):
 PSYoungGen      total 76800K, used 5679K [0x00000000e0000000, 0x00000000e5600000, 0x0000000100000000)
  eden space 66560K, 0% used [0x00000000e0000000,0x00000000e0000000,0x00000000e4100000)
  from space 10240K, 55% used [0x00000000e4c00000,0x00000000e518bf60,0x00000000e5600000)
  to   space 10752K, 0% used [0x00000000e4100000,0x00000000e4100000,0x00000000e4b80000)
 ParOldGen       total 87552K, used 9866K [0x00000000a0000000, 0x00000000a5580000, 0x00000000e0000000)
  object space 87552K, 11% used [0x00000000a0000000,0x00000000a09a2a80,0x00000000a5580000)
 Metaspace       used 20616K, capacity 21028K, committed 21296K, reserved 1067008K
  class space    used 2955K, capacity 3101K, committed 3200K, reserved 1048576K
}
Event: 8.409 GC heap before
{Heap before GC invocations=7 (full 1):
 PSYoungGen      total 76800K, used 5679K [0x00000000e0000000, 0x00000000e5600000, 0x0000000100000000)
  eden space 66560K, 0% used [0x00000000e0000000,0x00000000e0000000,0x00000000e4100000)
  from space 10240K, 55% used [0x00000000e4c00000,0x00000000e518bf60,0x00000000e5600000)
  to   space 10752K, 0% used [0x00000000e4100000,0x00000000e4100000,0x00000000e4b80000)
 ParOldGen       total 87552K, used 9866K [0x00000000a0000000, 0x00000000a5580000, 0x00000000e0000000)
  object space 87552K, 11% used [0x00000000a0000000,0x00000000a09a2a80,0x00000000a5580000)
 Metaspace       used 20616K, capacity 21028K, committed 21296K, reserved 1067008K
  class space    used 2955K, capacity 3101K, committed 3200K, reserved 1048576K
Event: 8.479 GC heap after
Heap after GC invocations=7 (full 1):
 PSYoungGen      total 76800K, used 0K [0x00000000e0000000, 0x00000000e5600000, 0x0000000100000000)
  eden space 66560K, 0% used [0x00000000e0000000,0x00000000e0000000,0x00000000e4100000)
  from space 10240K, 0% used [0x00000000e4c00000,0x00000000e4c00000,0x00000000e5600000)
  to   space 10752K, 0% used [0x00000000e4100000,0x00000000e4100000,0x00000000e4b80000)
 ParOldGen       total 50688K, used 7497K [0x00000000a0000000, 0x00000000a3180000, 0x00000000e0000000)
  object space 50688K, 14% used [0x00000000a0000000,0x00000000a0752770,0x00000000a3180000)
 Metaspace       used 20616K, capacity 21028K, committed 21296K, reserved 1067008K
  class space    used 2955K, capacity 3101K, committed 3200K, reserved 1048576K
}
Event: 10.650 GC heap before
{Heap before GC invocations=8 (full 1):
 PSYoungGen      total 76800K, used 66560K [0x00000000e0000000, 0x00000000e5600000, 0x0000000100000000)
  eden space 66560K, 100% used [0x00000000e0000000,0x00000000e4100000,0x00000000e4100000)
  from space 10240K, 0% used [0x00000000e4c00000,0x00000000e4c00000,0x00000000e5600000)
  to   space 10752K, 0% used [0x00000000e4100000,0x00000000e4100000,0x00000000e4b80000)
 ParOldGen       total 50688K, used 7497K [0x00000000a0000000, 0x00000000a3180000, 0x00000000e0000000)
  object space 50688K, 14% used [0x00000000a0000000,0x00000000a0752770,0x00000000a3180000)
 Metaspace       used 27694K, capacity 28198K, committed 28416K, reserved 1073152K
  class space    used 3860K, capacity 4012K, committed 4096K, reserved 1048576K
Event: 10.693 GC heap after
Heap after GC invocations=8 (full 1):
 PSYoungGen      total 77312K, used 8358K [0x00000000e0000000, 0x00000000e5600000, 0x0000000100000000)
  eden space 66560K, 0% used [0x00000000e0000000,0x00000000e0000000,0x00000000e4100000)
  from space 10752K, 77% used [0x00000000e4100000,0x00000000e4929a68,0x00000000e4b80000)
  to   space 10240K, 0% used [0x00000000e4c00000,0x00000000e4c00000,0x00000000e5600000)
 ParOldGen       total 50688K, used 7497K [0x00000000a0000000, 0x00000000a3180000, 0x00000000e0000000)
  object space 50688K, 14% used [0x00000000a0000000,0x00000000a0752770,0x00000000a3180000)
 Metaspace       used 27694K, capacity 28198K, committed 28416K, reserved 1073152K
  class space    used 3860K, capacity 4012K, committed 4096K, reserved 1048576K
}

